<?xml version="1.0" encoding="UTF-8"?>
<robot generator="Robot 4.1 (Python 3.9.6 on win32)" generated="20211014 16:11:18.433" rpa="false" schemaversion="2">
<suite id="s1" name="TC1" source="C:\Users\Vijay\PycharmProjects\NourishRobotFrameworkTestAutomation\TC1.robot">
<test id="s1-t1" name="LoginTest">
<kw name="Create Webdriver" library="SeleniumLibrary">
<arg>${Browser}</arg>
<arg>executable_path=C:\\Users\\Vijay\\PycharmProjects\\NourishRobotFrameworkTestAutomation\\BrowserDrivers\\chromedriver.exe</arg>
<doc>Creates an instance of Selenium WebDriver.</doc>
<msg timestamp="20211014 16:11:18.565" level="INFO">Creating an instance of the Chrome WebDriver.</msg>
<status status="PASS" starttime="20211014 16:11:18.565" endtime="20211014 16:11:19.708"/>
</kw>
<kw name="Go To" library="SeleniumLibrary">
<arg>${Url}</arg>
<doc>Navigates the current browser window to the provided ``url``.</doc>
<msg timestamp="20211014 16:11:19.723" level="INFO">Opening url 'https://dev-org.nourishcare.co.uk/login'</msg>
<status status="PASS" starttime="20211014 16:11:19.723" endtime="20211014 16:11:20.409"/>
</kw>
<kw name="Element Should Be Visible" library="SeleniumLibrary">
<arg>${WelcomeToNourish}</arg>
<doc>Verifies that the element identified by ``locator`` is visible.</doc>
<msg timestamp="20211014 16:11:20.432" level="INFO">Element 'xpath://h3[@class='bold-font']' is displayed.</msg>
<status status="PASS" starttime="20211014 16:11:20.409" endtime="20211014 16:11:20.432"/>
</kw>
<kw name="Element Should Be Enabled" library="SeleniumLibrary">
<arg>${WelcomeToNourish}</arg>
<doc>Verifies that element identified by ``locator`` is enabled.</doc>
<status status="PASS" starttime="20211014 16:11:20.432" endtime="20211014 16:11:20.447"/>
</kw>
<kw name="LoginToApplication">
<kw name="Input Text" library="SeleniumLibrary">
<arg>xpath://input[@placeholder='Login']</arg>
<arg>${Email}</arg>
<doc>Types the given ``text`` into the text field identified by ``locator``.</doc>
<msg timestamp="20211014 16:11:20.448" level="INFO">Typing text 'vijaya.chekuri@nourishcare.co.uk' into text field 'xpath://input[@placeholder='Login']'.</msg>
<status status="PASS" starttime="20211014 16:11:20.448" endtime="20211014 16:11:20.499"/>
</kw>
<kw name="Input Text" library="SeleniumLibrary">
<arg>xpath://input[@placeholder='Password']</arg>
<arg>${Password}</arg>
<doc>Types the given ``text`` into the text field identified by ``locator``.</doc>
<msg timestamp="20211014 16:11:20.499" level="INFO">Typing text 'Tulasi@23' into text field 'xpath://input[@placeholder='Password']'.</msg>
<status status="PASS" starttime="20211014 16:11:20.499" endtime="20211014 16:11:20.544"/>
</kw>
<kw name="Click Element" library="SeleniumLibrary">
<arg>//input[@type='submit']</arg>
<doc>Click the element identified by ``locator``.</doc>
<msg timestamp="20211014 16:11:20.544" level="INFO">Clicking element '//input[@type='submit']'.</msg>
<status status="PASS" starttime="20211014 16:11:20.544" endtime="20211014 16:11:22.719"/>
</kw>
<status status="PASS" starttime="20211014 16:11:20.447" endtime="20211014 16:11:22.719"/>
</kw>
<kw name="Log To Console" library="BuiltIn">
<arg>Login To Nourish Care Application successful</arg>
<doc>Logs the given message to the console.</doc>
<status status="PASS" starttime="20211014 16:11:22.720" endtime="20211014 16:11:22.720"/>
</kw>
<kw name="Close Browser" library="SeleniumLibrary">
<doc>Closes the current browser.</doc>
<status status="PASS" starttime="20211014 16:11:22.720" endtime="20211014 16:11:24.823"/>
</kw>
<status status="PASS" starttime="20211014 16:11:18.565" endtime="20211014 16:11:24.823"/>
</test>
<status status="PASS" starttime="20211014 16:11:18.449" endtime="20211014 16:11:24.823"/>
</suite>
<statistics>
<total>
<stat pass="1" fail="0" skip="0">All Tests</stat>
</total>
<tag>
</tag>
<suite>
<stat pass="1" fail="0" skip="0" id="s1" name="TC1">TC1</stat>
</suite>
</statistics>
<errors>
</errors>
</robot>
