<?xml version="1.0" encoding="UTF-8"?>
<robot generator="Robot 4.1 (Python 3.9.6 on win32)" generated="20210908 13:18:32.977" rpa="false" schemaversion="2">
<suite id="s1" name="TC1" source="C:\Users\Vijay\PycharmProjects\NourishRobotFrameworkTestAutomation\TC1.robot">
<test id="s1-t1" name="LoginTest">
<kw name="Create Webdriver" library="SeleniumLibrary">
<arg>${Browser}</arg>
<arg>executable_path=C:\\BrowserDrivers\\chromedriver.exe</arg>
<doc>Creates an instance of Selenium WebDriver.</doc>
<msg timestamp="20210908 13:18:33.128" level="INFO">Creating an instance of the Chrome WebDriver.</msg>
<status status="PASS" starttime="20210908 13:18:33.128" endtime="20210908 13:18:34.142"/>
</kw>
<kw name="Go To" library="SeleniumLibrary">
<arg>${Url}</arg>
<doc>Navigates the current browser window to the provided ``url``.</doc>
<msg timestamp="20210908 13:18:34.142" level="INFO">Opening url 'https://dev-org.nourishcare.co.uk/login'</msg>
<status status="PASS" starttime="20210908 13:18:34.142" endtime="20210908 13:18:34.949"/>
</kw>
<kw name="Element Should Be Visible" library="SeleniumLibrary">
<arg>${WelcomeToNourish}</arg>
<doc>Verifies that the element identified by ``locator`` is visible.</doc>
<msg timestamp="20210908 13:18:34.965" level="INFO">Element 'xpath://h3[@class='bold-font']' is displayed.</msg>
<status status="PASS" starttime="20210908 13:18:34.949" endtime="20210908 13:18:34.966"/>
</kw>
<kw name="Element Should Be Enabled" library="SeleniumLibrary">
<arg>${WelcomeToNourish}</arg>
<doc>Verifies that element identified by ``locator`` is enabled.</doc>
<status status="PASS" starttime="20210908 13:18:34.966" endtime="20210908 13:18:34.976"/>
</kw>
<kw name="LoginToApplication">
<kw name="Input Text" library="SeleniumLibrary">
<arg>xpath://input[@placeholder='Login']</arg>
<arg>${Email}</arg>
<doc>Types the given ``text`` into the text field identified by ``locator``.</doc>
<msg timestamp="20210908 13:18:34.976" level="INFO">Typing text 'vijaya.chekuri@nourishcare.co.uk' into text field 'xpath://input[@placeholder='Login']'.</msg>
<status status="PASS" starttime="20210908 13:18:34.976" endtime="20210908 13:18:35.025"/>
</kw>
<kw name="Input Text" library="SeleniumLibrary">
<arg>xpath://input[@placeholder='Password']</arg>
<arg>${Password}</arg>
<doc>Types the given ``text`` into the text field identified by ``locator``.</doc>
<msg timestamp="20210908 13:18:35.026" level="INFO">Typing text 'Tulasi@23' into text field 'xpath://input[@placeholder='Password']'.</msg>
<status status="PASS" starttime="20210908 13:18:35.026" endtime="20210908 13:18:35.072"/>
</kw>
<kw name="Click Element" library="SeleniumLibrary">
<arg>//input[@type='submit']</arg>
<doc>Click the element identified by ``locator``.</doc>
<msg timestamp="20210908 13:18:35.072" level="INFO">Clicking element '//input[@type='submit']'.</msg>
<status status="PASS" starttime="20210908 13:18:35.072" endtime="20210908 13:18:38.363"/>
</kw>
<status status="PASS" starttime="20210908 13:18:34.976" endtime="20210908 13:18:38.363"/>
</kw>
<kw name="Log To Console" library="BuiltIn">
<arg>Login To Nourish Care Application successful</arg>
<doc>Logs the given message to the console.</doc>
<status status="PASS" starttime="20210908 13:18:38.364" endtime="20210908 13:18:38.364"/>
</kw>
<kw name="Close Browser" library="SeleniumLibrary">
<doc>Closes the current browser.</doc>
<status status="PASS" starttime="20210908 13:18:38.364" endtime="20210908 13:18:40.475"/>
</kw>
<status status="PASS" starttime="20210908 13:18:33.128" endtime="20210908 13:18:40.475"/>
</test>
<status status="PASS" starttime="20210908 13:18:32.978" endtime="20210908 13:18:40.477"/>
</suite>
<statistics>
<total>
<stat pass="1" fail="0" skip="0">All Tests</stat>
</total>
<tag>
</tag>
<suite>
<stat pass="1" fail="0" skip="0" id="s1" name="TC1">TC1</stat>
</suite>
</statistics>
<errors>
</errors>
</robot>
